{"contracts\\ERC1155.sol":{"l":{"18":51,"19":51,"20":51,"21":51,"23":51,"24":51,"25":51,"32":18,"37":8,"39":8,"41":8,"45":0,"46":0,"48":0,"50":0},"path":"C:\\Users\\Владислав\\Desktop\\Marketplace\\contracts\\ERC1155.sol","s":{"1":51,"2":51,"3":51,"4":51,"5":51,"6":51,"7":51,"8":18,"9":8,"10":8,"11":8,"12":0,"13":0,"14":0,"15":0},"b":{"1":[8,0],"2":[0,0],"3":[0,0]},"f":{"1":51,"2":18,"3":8,"4":0},"fnMap":{"1":{"name":"constructor","line":16,"loc":{"start":{"line":16,"column":4},"end":{"line":29,"column":4}}},"2":{"name":"supportsInterface","line":31,"loc":{"start":{"line":31,"column":4},"end":{"line":33,"column":4}}},"3":{"name":"mintNFT","line":36,"loc":{"start":{"line":36,"column":4},"end":{"line":42,"column":4}}},"4":{"name":"burnNFT","line":44,"loc":{"start":{"line":44,"column":4},"end":{"line":51,"column":4}}}},"statementMap":{"1":{"start":{"line":18,"column":8},"end":{"line":18,"column":49}},"2":{"start":{"line":19,"column":8},"end":{"line":19,"column":41}},"3":{"start":{"line":20,"column":8},"end":{"line":20,"column":42}},"4":{"start":{"line":21,"column":8},"end":{"line":21,"column":42}},"5":{"start":{"line":23,"column":8},"end":{"line":23,"column":52}},"6":{"start":{"line":24,"column":8},"end":{"line":24,"column":45}},"7":{"start":{"line":25,"column":8},"end":{"line":25,"column":45}},"8":{"start":{"line":32,"column":8},"end":{"line":32,"column":51}},"9":{"start":{"line":37,"column":8},"end":{"line":37,"column":74}},"10":{"start":{"line":39,"column":8},"end":{"line":39,"column":39}},"11":{"start":{"line":41,"column":8},"end":{"line":41,"column":19}},"12":{"start":{"line":45,"column":8},"end":{"line":45,"column":74}},"13":{"start":{"line":46,"column":8},"end":{"line":46,"column":79}},"14":{"start":{"line":48,"column":8},"end":{"line":48,"column":31}},"15":{"start":{"line":50,"column":8},"end":{"line":50,"column":19}}},"branchMap":{"1":{"line":37,"type":"if","locations":[{"start":{"line":37,"column":8},"end":{"line":37,"column":8}},{"start":{"line":37,"column":8},"end":{"line":37,"column":8}}]},"2":{"line":45,"type":"if","locations":[{"start":{"line":45,"column":8},"end":{"line":45,"column":8}},{"start":{"line":45,"column":8},"end":{"line":45,"column":8}}]},"3":{"line":46,"type":"if","locations":[{"start":{"line":46,"column":8},"end":{"line":46,"column":8}},{"start":{"line":46,"column":8},"end":{"line":46,"column":8}}]}}},"contracts\\ERC721.sol":{"l":{"18":51,"19":51,"20":51,"21":51,"23":51,"24":51,"25":51,"30":10,"35":9,"37":9,"39":9,"40":9,"41":9,"43":9,"47":0,"48":0,"50":0},"path":"C:\\Users\\Владислав\\Desktop\\Marketplace\\contracts\\ERC721.sol","s":{"1":51,"2":51,"3":51,"4":51,"5":51,"6":51,"7":51,"8":10,"9":9,"10":9,"11":9,"12":9,"13":9,"14":9,"15":0,"16":0,"17":0},"b":{"1":[9,0],"2":[0,0],"3":[0,0]},"f":{"1":51,"2":10,"3":9,"4":0},"fnMap":{"1":{"name":"constructor","line":16,"loc":{"start":{"line":16,"column":4},"end":{"line":27,"column":4}}},"2":{"name":"supportsInterface","line":29,"loc":{"start":{"line":29,"column":4},"end":{"line":31,"column":4}}},"3":{"name":"mintNFT","line":34,"loc":{"start":{"line":34,"column":4},"end":{"line":44,"column":4}}},"4":{"name":"burnNFT","line":46,"loc":{"start":{"line":46,"column":4},"end":{"line":52,"column":4}}}},"statementMap":{"1":{"start":{"line":18,"column":8},"end":{"line":18,"column":49}},"2":{"start":{"line":19,"column":8},"end":{"line":19,"column":41}},"3":{"start":{"line":20,"column":8},"end":{"line":20,"column":42}},"4":{"start":{"line":21,"column":8},"end":{"line":21,"column":42}},"5":{"start":{"line":23,"column":8},"end":{"line":23,"column":52}},"6":{"start":{"line":24,"column":8},"end":{"line":24,"column":45}},"7":{"start":{"line":25,"column":8},"end":{"line":25,"column":45}},"8":{"start":{"line":30,"column":8},"end":{"line":30,"column":51}},"9":{"start":{"line":35,"column":8},"end":{"line":35,"column":74}},"10":{"start":{"line":37,"column":8},"end":{"line":37,"column":28}},"11":{"start":{"line":39,"column":8},"end":{"line":39,"column":47}},"12":{"start":{"line":40,"column":8},"end":{"line":40,"column":34}},"13":{"start":{"line":41,"column":8},"end":{"line":41,"column":40}},"14":{"start":{"line":43,"column":8},"end":{"line":43,"column":24}},"15":{"start":{"line":47,"column":8},"end":{"line":47,"column":74}},"16":{"start":{"line":48,"column":8},"end":{"line":48,"column":97}},"17":{"start":{"line":50,"column":8},"end":{"line":50,"column":21}}},"branchMap":{"1":{"line":35,"type":"if","locations":[{"start":{"line":35,"column":8},"end":{"line":35,"column":8}},{"start":{"line":35,"column":8},"end":{"line":35,"column":8}}]},"2":{"line":47,"type":"if","locations":[{"start":{"line":47,"column":8},"end":{"line":47,"column":8}},{"start":{"line":47,"column":8},"end":{"line":47,"column":8}}]},"3":{"line":48,"type":"if","locations":[{"start":{"line":48,"column":8},"end":{"line":48,"column":8}},{"start":{"line":48,"column":8},"end":{"line":48,"column":8}}]}}},"contracts\\Marketplace.sol":{"l":{"66":51,"67":51,"69":51,"91":9,"93":6,"94":3,"96":3,"97":3,"98":3,"102":3,"104":3,"105":3,"106":3,"110":0,"116":27,"117":27,"122":9,"123":7,"124":5,"125":4,"127":2,"128":1,"130":1,"131":1,"133":1,"137":1,"139":1,"140":1,"142":1,"148":8,"149":6,"150":4,"152":3,"153":1,"155":1,"157":1,"161":2,"163":2,"164":2,"165":2,"172":16,"174":13,"175":7,"176":7,"178":7,"179":7,"183":6,"184":6,"186":6,"187":6,"191":0,"196":15,"197":15,"198":15,"199":15,"200":15,"202":15,"203":8,"206":15,"207":15,"208":15,"212":15,"214":15,"219":6,"220":4,"221":2,"224":2,"225":1,"229":1,"235":10,"236":8,"237":6,"239":6,"240":2,"241":2,"242":1,"246":1,"251":2,"252":2,"253":1,"257":1,"262":2,"263":1,"267":1,"273":1,"277":10,"278":10,"279":10,"280":10,"286":10,"290":9},"path":"C:\\Users\\Владислав\\Desktop\\Marketplace\\contracts\\Marketplace.sol","s":{"1":51,"2":51,"3":51,"4":9,"5":6,"6":3,"7":3,"8":3,"9":3,"10":3,"11":3,"12":3,"13":0,"14":27,"15":27,"16":9,"17":7,"18":5,"19":4,"20":2,"21":1,"22":1,"23":1,"24":1,"25":1,"26":1,"27":1,"28":1,"29":1,"30":1,"31":8,"32":6,"33":4,"34":3,"35":1,"36":1,"37":1,"38":2,"39":2,"40":1,"41":2,"42":2,"43":2,"44":16,"45":13,"46":7,"47":7,"48":7,"49":6,"50":6,"51":6,"52":6,"53":0,"54":15,"55":15,"56":15,"57":15,"58":15,"59":15,"60":8,"61":15,"62":15,"63":15,"64":15,"65":6,"66":4,"67":2,"68":2,"69":1,"70":1,"71":1,"72":10,"73":8,"74":6,"75":6,"76":2,"77":2,"78":1,"79":1,"80":1,"81":4,"82":2,"83":2,"84":1,"85":1,"86":1,"87":2,"88":1,"89":1,"90":1,"91":1,"92":10,"93":10,"94":10,"95":10,"96":10,"97":9},"b":{"1":[6,3],"2":[3,3],"3":[3,0],"4":[7,2],"5":[5,2],"6":[4,1],"7":[2,2],"8":[1,1],"9":[1,0],"10":[1,0],"11":[6,2],"12":[4,2],"13":[3,1],"14":[1,2],"15":[2,0],"16":[1,1],"17":[13,3],"18":[7,6],"19":[6,0],"20":[15,0],"21":[15,0],"22":[15,0],"23":[15,0],"24":[15,0],"25":[8,7],"26":[4,2],"27":[2,2],"28":[1,1],"29":[1,0],"30":[8,2],"31":[6,2],"32":[2,4],"33":[1,1],"34":[1,0],"35":[2,2],"36":[1,1],"37":[1,0],"38":[1,1],"39":[1,0],"40":[10,0]},"f":{"1":51,"2":9,"3":27,"4":9,"5":8,"6":16,"7":15,"8":6,"9":10,"10":1,"11":10,"12":10,"13":9},"fnMap":{"1":{"name":"constructor","line":64,"loc":{"start":{"line":64,"column":4},"end":{"line":73,"column":4}}},"2":{"name":"listItem","line":89,"loc":{"start":{"line":89,"column":4},"end":{"line":113,"column":4}}},"3":{"name":"_safeTransferETH","line":115,"loc":{"start":{"line":115,"column":4},"end":{"line":118,"column":4}}},"4":{"name":"buyItem","line":120,"loc":{"start":{"line":120,"column":4},"end":{"line":145,"column":4}}},"5":{"name":"cancel","line":147,"loc":{"start":{"line":147,"column":4},"end":{"line":168,"column":4}}},"6":{"name":"listItemOnAuction","line":170,"loc":{"start":{"line":170,"column":4},"end":{"line":193,"column":4}}},"7":{"name":"makeBid","line":195,"loc":{"start":{"line":195,"column":4},"end":{"line":216,"column":4}}},"8":{"name":"cancelAuction","line":218,"loc":{"start":{"line":218,"column":4},"end":{"line":232,"column":4}}},"9":{"name":"finishAuction","line":234,"loc":{"start":{"line":234,"column":4},"end":{"line":270,"column":4}}},"10":{"name":"getAuctionBid","line":272,"loc":{"start":{"line":272,"column":4},"end":{"line":274,"column":4}}},"11":{"name":"withdraw","line":276,"loc":{"start":{"line":276,"column":4},"end":{"line":283,"column":4}}},"12":{"name":"onERC721Received","line":285,"loc":{"start":{"line":285,"column":4},"end":{"line":287,"column":4}}},"13":{"name":"onERC1155Received","line":289,"loc":{"start":{"line":289,"column":4},"end":{"line":291,"column":4}}}},"statementMap":{"1":{"start":{"line":66,"column":8},"end":{"line":66,"column":49}},"2":{"start":{"line":67,"column":8},"end":{"line":67,"column":41}},"3":{"start":{"line":69,"column":8},"end":{"line":69,"column":52}},"4":{"start":{"line":91,"column":8},"end":{"line":91,"column":43}},"5":{"start":{"line":93,"column":8},"end":{"line":93,"column":2972}},"6":{"start":{"line":94,"column":12},"end":{"line":94,"column":77}},"7":{"start":{"line":97,"column":12},"end":{"line":97,"column":126}},"8":{"start":{"line":98,"column":12},"end":{"line":98,"column":81}},"9":{"start":{"line":101,"column":13},"end":{"line":101,"column":3385}},"10":{"start":{"line":102,"column":12},"end":{"line":102,"column":92}},"11":{"start":{"line":105,"column":12},"end":{"line":105,"column":132}},"12":{"start":{"line":106,"column":12},"end":{"line":106,"column":86}},"13":{"start":{"line":110,"column":12},"end":{"line":110,"column":34}},"14":{"start":{"line":116,"column":8},"end":{"line":116,"column":62}},"15":{"start":{"line":117,"column":8},"end":{"line":117,"column":22}},"16":{"start":{"line":122,"column":8},"end":{"line":122,"column":86}},"17":{"start":{"line":123,"column":2},"end":{"line":123,"column":87}},"18":{"start":{"line":124,"column":8},"end":{"line":124,"column":89}},"19":{"start":{"line":125,"column":8},"end":{"line":125,"column":99}},"20":{"start":{"line":127,"column":8},"end":{"line":127,"column":4546}},"21":{"start":{"line":128,"column":12},"end":{"line":128,"column":60}},"22":{"start":{"line":130,"column":12},"end":{"line":130,"column":126}},"23":{"start":{"line":131,"column":12},"end":{"line":131,"column":90}},"24":{"start":{"line":133,"column":12},"end":{"line":133,"column":150}},"25":{"start":{"line":136,"column":13},"end":{"line":136,"column":5081}},"26":{"start":{"line":137,"column":12},"end":{"line":137,"column":122}},"27":{"start":{"line":137,"column":71},"end":{"line":137,"column":119}},"28":{"start":{"line":139,"column":12},"end":{"line":139,"column":147}},"29":{"start":{"line":140,"column":12},"end":{"line":140,"column":103}},"30":{"start":{"line":142,"column":12},"end":{"line":142,"column":161}},"31":{"start":{"line":148,"column":8},"end":{"line":148,"column":94}},"32":{"start":{"line":149,"column":2},"end":{"line":149,"column":87}},"33":{"start":{"line":150,"column":8},"end":{"line":150,"column":89}},"34":{"start":{"line":152,"column":8},"end":{"line":152,"column":6086}},"35":{"start":{"line":153,"column":12},"end":{"line":153,"column":62}},"36":{"start":{"line":155,"column":12},"end":{"line":155,"column":126}},"37":{"start":{"line":157,"column":12},"end":{"line":157,"column":73}},"38":{"start":{"line":160,"column":13},"end":{"line":160,"column":6464}},"39":{"start":{"line":161,"column":12},"end":{"line":161,"column":122}},"40":{"start":{"line":161,"column":71},"end":{"line":161,"column":119}},"41":{"start":{"line":163,"column":12},"end":{"line":163,"column":147}},"42":{"start":{"line":164,"column":12},"end":{"line":164,"column":57}},"43":{"start":{"line":165,"column":12},"end":{"line":165,"column":84}},"44":{"start":{"line":172,"column":8},"end":{"line":172,"column":43}},"45":{"start":{"line":174,"column":8},"end":{"line":174,"column":7161}},"46":{"start":{"line":175,"column":12},"end":{"line":175,"column":77}},"47":{"start":{"line":178,"column":12},"end":{"line":178,"column":174}},"48":{"start":{"line":179,"column":12},"end":{"line":179,"column":102}},"49":{"start":{"line":182,"column":13},"end":{"line":182,"column":7638}},"50":{"start":{"line":183,"column":12},"end":{"line":183,"column":90}},"51":{"start":{"line":186,"column":12},"end":{"line":186,"column":180}},"52":{"start":{"line":187,"column":12},"end":{"line":187,"column":107}},"53":{"start":{"line":191,"column":12},"end":{"line":191,"column":34}},"54":{"start":{"line":196,"column":8},"end":{"line":196,"column":77}},"55":{"start":{"line":197,"column":2},"end":{"line":197,"column":92}},"56":{"start":{"line":198,"column":8},"end":{"line":198,"column":65}},"57":{"start":{"line":199,"column":8},"end":{"line":199,"column":102}},"58":{"start":{"line":200,"column":8},"end":{"line":200,"column":99}},"59":{"start":{"line":202,"column":8},"end":{"line":202,"column":8744}},"60":{"start":{"line":203,"column":12},"end":{"line":203,"column":79}},"61":{"start":{"line":206,"column":8},"end":{"line":206,"column":45}},"62":{"start":{"line":207,"column":8},"end":{"line":207,"column":41}},"63":{"start":{"line":212,"column":8},"end":{"line":212,"column":48}},"64":{"start":{"line":214,"column":8},"end":{"line":214,"column":81}},"65":{"start":{"line":219,"column":8},"end":{"line":219,"column":82}},"66":{"start":{"line":220,"column":8},"end":{"line":220,"column":69}},"67":{"start":{"line":221,"column":8},"end":{"line":221,"column":64}},"68":{"start":{"line":224,"column":8},"end":{"line":224,"column":9485}},"69":{"start":{"line":225,"column":12},"end":{"line":225,"column":134}},"70":{"start":{"line":228,"column":13},"end":{"line":228,"column":9709}},"71":{"start":{"line":229,"column":12},"end":{"line":229,"column":169}},"72":{"start":{"line":235,"column":8},"end":{"line":235,"column":169}},"73":{"start":{"line":236,"column":8},"end":{"line":236,"column":100}},"74":{"start":{"line":237,"column":8},"end":{"line":237,"column":61}},"75":{"start":{"line":239,"column":8},"end":{"line":239,"column":10373}},"76":{"start":{"line":240,"column":12},"end":{"line":240,"column":80}},"77":{"start":{"line":241,"column":12},"end":{"line":241,"column":10523}},"78":{"start":{"line":242,"column":16},"end":{"line":242,"column":137}},"79":{"start":{"line":245,"column":17},"end":{"line":245,"column":10758}},"80":{"start":{"line":246,"column":16},"end":{"line":246,"column":172}},"81":{"start":{"line":250,"column":13},"end":{"line":250,"column":11032}},"82":{"start":{"line":251,"column":12},"end":{"line":251,"column":79}},"83":{"start":{"line":252,"column":12},"end":{"line":252,"column":11214}},"84":{"start":{"line":253,"column":16},"end":{"line":253,"column":138}},"85":{"start":{"line":256,"column":17},"end":{"line":256,"column":11450}},"86":{"start":{"line":257,"column":16},"end":{"line":257,"column":173}},"87":{"start":{"line":262,"column":12},"end":{"line":262,"column":11744}},"88":{"start":{"line":263,"column":16},"end":{"line":263,"column":138}},"89":{"start":{"line":266,"column":17},"end":{"line":266,"column":11980}},"90":{"start":{"line":267,"column":16},"end":{"line":267,"column":173}},"91":{"start":{"line":273,"column":8},"end":{"line":273,"column":38}},"92":{"start":{"line":277,"column":8},"end":{"line":277,"column":51}},"93":{"start":{"line":278,"column":8},"end":{"line":278,"column":12483}},"94":{"start":{"line":279,"column":12},"end":{"line":279,"column":41}},"95":{"start":{"line":280,"column":12},"end":{"line":280,"column":56}},"96":{"start":{"line":286,"column":8},"end":{"line":286,"column":56}},"97":{"start":{"line":290,"column":8},"end":{"line":290,"column":58}}},"branchMap":{"1":{"line":91,"type":"if","locations":[{"start":{"line":91,"column":8},"end":{"line":91,"column":8}},{"start":{"line":91,"column":8},"end":{"line":91,"column":8}}]},"2":{"line":93,"type":"if","locations":[{"start":{"line":93,"column":8},"end":{"line":93,"column":8}},{"start":{"line":93,"column":8},"end":{"line":93,"column":8}}]},"3":{"line":101,"type":"if","locations":[{"start":{"line":101,"column":13},"end":{"line":101,"column":13}},{"start":{"line":101,"column":13},"end":{"line":101,"column":13}}]},"4":{"line":122,"type":"if","locations":[{"start":{"line":122,"column":8},"end":{"line":122,"column":8}},{"start":{"line":122,"column":8},"end":{"line":122,"column":8}}]},"5":{"line":123,"type":"if","locations":[{"start":{"line":123,"column":2},"end":{"line":123,"column":2}},{"start":{"line":123,"column":2},"end":{"line":123,"column":2}}]},"6":{"line":124,"type":"if","locations":[{"start":{"line":124,"column":8},"end":{"line":124,"column":8}},{"start":{"line":124,"column":8},"end":{"line":124,"column":8}}]},"7":{"line":125,"type":"if","locations":[{"start":{"line":125,"column":8},"end":{"line":125,"column":8}},{"start":{"line":125,"column":8},"end":{"line":125,"column":8}}]},"8":{"line":127,"type":"if","locations":[{"start":{"line":127,"column":8},"end":{"line":127,"column":8}},{"start":{"line":127,"column":8},"end":{"line":127,"column":8}}]},"9":{"line":136,"type":"if","locations":[{"start":{"line":136,"column":13},"end":{"line":136,"column":13}},{"start":{"line":136,"column":13},"end":{"line":136,"column":13}}]},"10":{"line":137,"type":"if","locations":[{"start":{"line":137,"column":12},"end":{"line":137,"column":12}},{"start":{"line":137,"column":12},"end":{"line":137,"column":12}}]},"11":{"line":148,"type":"if","locations":[{"start":{"line":148,"column":8},"end":{"line":148,"column":8}},{"start":{"line":148,"column":8},"end":{"line":148,"column":8}}]},"12":{"line":149,"type":"if","locations":[{"start":{"line":149,"column":2},"end":{"line":149,"column":2}},{"start":{"line":149,"column":2},"end":{"line":149,"column":2}}]},"13":{"line":150,"type":"if","locations":[{"start":{"line":150,"column":8},"end":{"line":150,"column":8}},{"start":{"line":150,"column":8},"end":{"line":150,"column":8}}]},"14":{"line":152,"type":"if","locations":[{"start":{"line":152,"column":8},"end":{"line":152,"column":8}},{"start":{"line":152,"column":8},"end":{"line":152,"column":8}}]},"15":{"line":160,"type":"if","locations":[{"start":{"line":160,"column":13},"end":{"line":160,"column":13}},{"start":{"line":160,"column":13},"end":{"line":160,"column":13}}]},"16":{"line":161,"type":"if","locations":[{"start":{"line":161,"column":12},"end":{"line":161,"column":12}},{"start":{"line":161,"column":12},"end":{"line":161,"column":12}}]},"17":{"line":172,"type":"if","locations":[{"start":{"line":172,"column":8},"end":{"line":172,"column":8}},{"start":{"line":172,"column":8},"end":{"line":172,"column":8}}]},"18":{"line":174,"type":"if","locations":[{"start":{"line":174,"column":8},"end":{"line":174,"column":8}},{"start":{"line":174,"column":8},"end":{"line":174,"column":8}}]},"19":{"line":182,"type":"if","locations":[{"start":{"line":182,"column":13},"end":{"line":182,"column":13}},{"start":{"line":182,"column":13},"end":{"line":182,"column":13}}]},"20":{"line":196,"type":"if","locations":[{"start":{"line":196,"column":8},"end":{"line":196,"column":8}},{"start":{"line":196,"column":8},"end":{"line":196,"column":8}}]},"21":{"line":197,"type":"if","locations":[{"start":{"line":197,"column":2},"end":{"line":197,"column":2}},{"start":{"line":197,"column":2},"end":{"line":197,"column":2}}]},"22":{"line":198,"type":"if","locations":[{"start":{"line":198,"column":8},"end":{"line":198,"column":8}},{"start":{"line":198,"column":8},"end":{"line":198,"column":8}}]},"23":{"line":199,"type":"if","locations":[{"start":{"line":199,"column":8},"end":{"line":199,"column":8}},{"start":{"line":199,"column":8},"end":{"line":199,"column":8}}]},"24":{"line":200,"type":"if","locations":[{"start":{"line":200,"column":8},"end":{"line":200,"column":8}},{"start":{"line":200,"column":8},"end":{"line":200,"column":8}}]},"25":{"line":202,"type":"if","locations":[{"start":{"line":202,"column":8},"end":{"line":202,"column":8}},{"start":{"line":202,"column":8},"end":{"line":202,"column":8}}]},"26":{"line":219,"type":"if","locations":[{"start":{"line":219,"column":8},"end":{"line":219,"column":8}},{"start":{"line":219,"column":8},"end":{"line":219,"column":8}}]},"27":{"line":220,"type":"if","locations":[{"start":{"line":220,"column":8},"end":{"line":220,"column":8}},{"start":{"line":220,"column":8},"end":{"line":220,"column":8}}]},"28":{"line":224,"type":"if","locations":[{"start":{"line":224,"column":8},"end":{"line":224,"column":8}},{"start":{"line":224,"column":8},"end":{"line":224,"column":8}}]},"29":{"line":228,"type":"if","locations":[{"start":{"line":228,"column":13},"end":{"line":228,"column":13}},{"start":{"line":228,"column":13},"end":{"line":228,"column":13}}]},"30":{"line":235,"type":"if","locations":[{"start":{"line":235,"column":8},"end":{"line":235,"column":8}},{"start":{"line":235,"column":8},"end":{"line":235,"column":8}}]},"31":{"line":236,"type":"if","locations":[{"start":{"line":236,"column":8},"end":{"line":236,"column":8}},{"start":{"line":236,"column":8},"end":{"line":236,"column":8}}]},"32":{"line":239,"type":"if","locations":[{"start":{"line":239,"column":8},"end":{"line":239,"column":8}},{"start":{"line":239,"column":8},"end":{"line":239,"column":8}}]},"33":{"line":241,"type":"if","locations":[{"start":{"line":241,"column":12},"end":{"line":241,"column":12}},{"start":{"line":241,"column":12},"end":{"line":241,"column":12}}]},"34":{"line":245,"type":"if","locations":[{"start":{"line":245,"column":17},"end":{"line":245,"column":17}},{"start":{"line":245,"column":17},"end":{"line":245,"column":17}}]},"35":{"line":250,"type":"if","locations":[{"start":{"line":250,"column":13},"end":{"line":250,"column":13}},{"start":{"line":250,"column":13},"end":{"line":250,"column":13}}]},"36":{"line":252,"type":"if","locations":[{"start":{"line":252,"column":12},"end":{"line":252,"column":12}},{"start":{"line":252,"column":12},"end":{"line":252,"column":12}}]},"37":{"line":256,"type":"if","locations":[{"start":{"line":256,"column":17},"end":{"line":256,"column":17}},{"start":{"line":256,"column":17},"end":{"line":256,"column":17}}]},"38":{"line":262,"type":"if","locations":[{"start":{"line":262,"column":12},"end":{"line":262,"column":12}},{"start":{"line":262,"column":12},"end":{"line":262,"column":12}}]},"39":{"line":266,"type":"if","locations":[{"start":{"line":266,"column":17},"end":{"line":266,"column":17}},{"start":{"line":266,"column":17},"end":{"line":266,"column":17}}]},"40":{"line":278,"type":"if","locations":[{"start":{"line":278,"column":8},"end":{"line":278,"column":8}},{"start":{"line":278,"column":8},"end":{"line":278,"column":8}}]}}}}