{"contracts\\Elems.sol":{"l":{"18":12,"19":12,"20":12,"21":12,"23":12,"24":12,"25":12,"30":3,"35":2,"37":2,"39":2,"40":2,"41":2,"43":2,"47":0,"48":0,"50":0},"path":"C:\\Users\\Владислав\\Desktop\\Marketplace\\contracts\\Elems.sol","s":{"1":12,"2":12,"3":12,"4":12,"5":12,"6":12,"7":12,"8":3,"9":2,"10":2,"11":2,"12":2,"13":2,"14":2,"15":0,"16":0,"17":0},"b":{"1":[2,0],"2":[0,0],"3":[0,0]},"f":{"1":12,"2":3,"3":2,"4":0},"fnMap":{"1":{"name":"constructor","line":16,"loc":{"start":{"line":16,"column":4},"end":{"line":27,"column":4}}},"2":{"name":"supportsInterface","line":29,"loc":{"start":{"line":29,"column":4},"end":{"line":31,"column":4}}},"3":{"name":"mintNFT","line":34,"loc":{"start":{"line":34,"column":4},"end":{"line":44,"column":4}}},"4":{"name":"burnNFT","line":46,"loc":{"start":{"line":46,"column":4},"end":{"line":52,"column":4}}}},"statementMap":{"1":{"start":{"line":18,"column":8},"end":{"line":18,"column":49}},"2":{"start":{"line":19,"column":8},"end":{"line":19,"column":41}},"3":{"start":{"line":20,"column":8},"end":{"line":20,"column":42}},"4":{"start":{"line":21,"column":8},"end":{"line":21,"column":42}},"5":{"start":{"line":23,"column":8},"end":{"line":23,"column":52}},"6":{"start":{"line":24,"column":8},"end":{"line":24,"column":45}},"7":{"start":{"line":25,"column":8},"end":{"line":25,"column":45}},"8":{"start":{"line":30,"column":8},"end":{"line":30,"column":51}},"9":{"start":{"line":35,"column":8},"end":{"line":35,"column":74}},"10":{"start":{"line":37,"column":8},"end":{"line":37,"column":28}},"11":{"start":{"line":39,"column":8},"end":{"line":39,"column":47}},"12":{"start":{"line":40,"column":8},"end":{"line":40,"column":34}},"13":{"start":{"line":41,"column":8},"end":{"line":41,"column":40}},"14":{"start":{"line":43,"column":8},"end":{"line":43,"column":24}},"15":{"start":{"line":47,"column":8},"end":{"line":47,"column":74}},"16":{"start":{"line":48,"column":8},"end":{"line":48,"column":97}},"17":{"start":{"line":50,"column":8},"end":{"line":50,"column":21}}},"branchMap":{"1":{"line":35,"type":"if","locations":[{"start":{"line":35,"column":8},"end":{"line":35,"column":8}},{"start":{"line":35,"column":8},"end":{"line":35,"column":8}}]},"2":{"line":47,"type":"if","locations":[{"start":{"line":47,"column":8},"end":{"line":47,"column":8}},{"start":{"line":47,"column":8},"end":{"line":47,"column":8}}]},"3":{"line":48,"type":"if","locations":[{"start":{"line":48,"column":8},"end":{"line":48,"column":8}},{"start":{"line":48,"column":8},"end":{"line":48,"column":8}}]}}},"contracts\\Items.sol":{"l":{"18":12,"19":12,"20":12,"21":12,"23":12,"24":12,"25":12,"32":6,"37":2,"39":2,"41":2,"45":0,"46":0,"48":0,"50":0},"path":"C:\\Users\\Владислав\\Desktop\\Marketplace\\contracts\\Items.sol","s":{"1":12,"2":12,"3":12,"4":12,"5":12,"6":12,"7":12,"8":6,"9":2,"10":2,"11":2,"12":0,"13":0,"14":0,"15":0},"b":{"1":[2,0],"2":[0,0],"3":[0,0]},"f":{"1":12,"2":6,"3":2,"4":0},"fnMap":{"1":{"name":"constructor","line":16,"loc":{"start":{"line":16,"column":4},"end":{"line":29,"column":4}}},"2":{"name":"supportsInterface","line":31,"loc":{"start":{"line":31,"column":4},"end":{"line":33,"column":4}}},"3":{"name":"mintNFT","line":36,"loc":{"start":{"line":36,"column":4},"end":{"line":42,"column":4}}},"4":{"name":"burnNFT","line":44,"loc":{"start":{"line":44,"column":4},"end":{"line":51,"column":4}}}},"statementMap":{"1":{"start":{"line":18,"column":8},"end":{"line":18,"column":49}},"2":{"start":{"line":19,"column":8},"end":{"line":19,"column":41}},"3":{"start":{"line":20,"column":8},"end":{"line":20,"column":42}},"4":{"start":{"line":21,"column":8},"end":{"line":21,"column":42}},"5":{"start":{"line":23,"column":8},"end":{"line":23,"column":52}},"6":{"start":{"line":24,"column":8},"end":{"line":24,"column":45}},"7":{"start":{"line":25,"column":8},"end":{"line":25,"column":45}},"8":{"start":{"line":32,"column":8},"end":{"line":32,"column":51}},"9":{"start":{"line":37,"column":8},"end":{"line":37,"column":74}},"10":{"start":{"line":39,"column":8},"end":{"line":39,"column":39}},"11":{"start":{"line":41,"column":8},"end":{"line":41,"column":19}},"12":{"start":{"line":45,"column":8},"end":{"line":45,"column":74}},"13":{"start":{"line":46,"column":8},"end":{"line":46,"column":79}},"14":{"start":{"line":48,"column":8},"end":{"line":48,"column":31}},"15":{"start":{"line":50,"column":8},"end":{"line":50,"column":19}}},"branchMap":{"1":{"line":37,"type":"if","locations":[{"start":{"line":37,"column":8},"end":{"line":37,"column":8}},{"start":{"line":37,"column":8},"end":{"line":37,"column":8}}]},"2":{"line":45,"type":"if","locations":[{"start":{"line":45,"column":8},"end":{"line":45,"column":8}},{"start":{"line":45,"column":8},"end":{"line":45,"column":8}}]},"3":{"line":46,"type":"if","locations":[{"start":{"line":46,"column":8},"end":{"line":46,"column":8}},{"start":{"line":46,"column":8},"end":{"line":46,"column":8}}]}}},"contracts\\Marketplace.sol":{"l":{"38":12,"39":12,"40":12,"42":12,"43":12,"49":4,"51":4,"52":2,"54":2,"55":2,"56":2,"60":2,"62":2,"63":2,"64":2,"68":0,"74":0,"79":0,"80":0,"81":0,"82":0,"84":0,"85":0,"87":0,"88":0,"90":0,"94":0,"96":0,"97":0,"99":0,"105":2,"106":2,"107":2,"109":2,"110":1,"112":1,"114":1,"118":1,"120":1,"122":1,"128":2,"132":2},"path":"C:\\Users\\Владислав\\Desktop\\Marketplace\\contracts\\Marketplace.sol","s":{"1":12,"2":12,"3":12,"4":12,"5":12,"6":4,"7":4,"8":2,"9":2,"10":2,"11":2,"12":2,"13":2,"14":2,"15":0,"16":0,"17":0,"18":0,"19":0,"20":0,"21":0,"22":0,"23":0,"24":0,"25":0,"26":0,"27":0,"28":0,"29":0,"30":0,"31":0,"32":2,"33":2,"34":2,"35":2,"36":1,"37":1,"38":1,"39":1,"40":1,"41":0,"42":1,"43":1,"44":2,"45":2},"b":{"1":[4,0],"2":[2,2],"3":[2,0],"4":[0,0],"5":[0,0],"6":[0,0],"7":[0,0],"8":[0,0],"9":[0,0],"10":[0,0],"11":[2,0],"12":[2,0],"13":[2,0],"14":[1,1],"15":[1,0],"16":[0,1]},"f":{"1":12,"2":4,"3":0,"4":0,"5":2,"6":2,"7":2},"fnMap":{"1":{"name":"constructor","line":36,"loc":{"start":{"line":36,"column":4},"end":{"line":45,"column":4}}},"2":{"name":"listItem","line":47,"loc":{"start":{"line":47,"column":4},"end":{"line":71,"column":4}}},"3":{"name":"getListItem","line":73,"loc":{"start":{"line":73,"column":4},"end":{"line":75,"column":4}}},"4":{"name":"buyItem","line":77,"loc":{"start":{"line":77,"column":4},"end":{"line":102,"column":4}}},"5":{"name":"cancel","line":104,"loc":{"start":{"line":104,"column":4},"end":{"line":125,"column":4}}},"6":{"name":"onERC721Received","line":127,"loc":{"start":{"line":127,"column":4},"end":{"line":129,"column":4}}},"7":{"name":"onERC1155Received","line":131,"loc":{"start":{"line":131,"column":4},"end":{"line":133,"column":4}}}},"statementMap":{"1":{"start":{"line":38,"column":8},"end":{"line":38,"column":49}},"2":{"start":{"line":39,"column":8},"end":{"line":39,"column":41}},"3":{"start":{"line":40,"column":8},"end":{"line":40,"column":42}},"4":{"start":{"line":42,"column":8},"end":{"line":42,"column":52}},"5":{"start":{"line":43,"column":8},"end":{"line":43,"column":45}},"6":{"start":{"line":49,"column":8},"end":{"line":49,"column":43}},"7":{"start":{"line":51,"column":8},"end":{"line":51,"column":1610}},"8":{"start":{"line":52,"column":12},"end":{"line":52,"column":77}},"9":{"start":{"line":55,"column":12},"end":{"line":55,"column":104}},"10":{"start":{"line":56,"column":12},"end":{"line":56,"column":81}},"11":{"start":{"line":59,"column":13},"end":{"line":59,"column":2001}},"12":{"start":{"line":60,"column":12},"end":{"line":60,"column":92}},"13":{"start":{"line":63,"column":12},"end":{"line":63,"column":109}},"14":{"start":{"line":64,"column":12},"end":{"line":64,"column":86}},"15":{"start":{"line":68,"column":12},"end":{"line":68,"column":34}},"16":{"start":{"line":74,"column":8},"end":{"line":74,"column":36}},"17":{"start":{"line":79,"column":8},"end":{"line":79,"column":86}},"18":{"start":{"line":80,"column":2},"end":{"line":80,"column":87}},"19":{"start":{"line":81,"column":8},"end":{"line":81,"column":89}},"20":{"start":{"line":82,"column":8},"end":{"line":82,"column":99}},"21":{"start":{"line":84,"column":8},"end":{"line":84,"column":3103}},"22":{"start":{"line":85,"column":12},"end":{"line":85,"column":60}},"23":{"start":{"line":87,"column":12},"end":{"line":87,"column":126}},"24":{"start":{"line":88,"column":12},"end":{"line":88,"column":90}},"25":{"start":{"line":90,"column":12},"end":{"line":90,"column":150}},"26":{"start":{"line":93,"column":13},"end":{"line":93,"column":3632}},"27":{"start":{"line":94,"column":12},"end":{"line":94,"column":122}},"28":{"start":{"line":94,"column":71},"end":{"line":94,"column":119}},"29":{"start":{"line":96,"column":12},"end":{"line":96,"column":147}},"30":{"start":{"line":97,"column":12},"end":{"line":97,"column":103}},"31":{"start":{"line":99,"column":12},"end":{"line":99,"column":161}},"32":{"start":{"line":105,"column":8},"end":{"line":105,"column":94}},"33":{"start":{"line":106,"column":2},"end":{"line":106,"column":87}},"34":{"start":{"line":107,"column":8},"end":{"line":107,"column":89}},"35":{"start":{"line":109,"column":8},"end":{"line":109,"column":4646}},"36":{"start":{"line":110,"column":12},"end":{"line":110,"column":62}},"37":{"start":{"line":112,"column":12},"end":{"line":112,"column":126}},"38":{"start":{"line":114,"column":12},"end":{"line":114,"column":73}},"39":{"start":{"line":117,"column":13},"end":{"line":117,"column":5018}},"40":{"start":{"line":118,"column":12},"end":{"line":118,"column":122}},"41":{"start":{"line":118,"column":71},"end":{"line":118,"column":119}},"42":{"start":{"line":120,"column":12},"end":{"line":120,"column":147}},"43":{"start":{"line":122,"column":12},"end":{"line":122,"column":84}},"44":{"start":{"line":128,"column":8},"end":{"line":128,"column":56}},"45":{"start":{"line":132,"column":8},"end":{"line":132,"column":58}}},"branchMap":{"1":{"line":49,"type":"if","locations":[{"start":{"line":49,"column":8},"end":{"line":49,"column":8}},{"start":{"line":49,"column":8},"end":{"line":49,"column":8}}]},"2":{"line":51,"type":"if","locations":[{"start":{"line":51,"column":8},"end":{"line":51,"column":8}},{"start":{"line":51,"column":8},"end":{"line":51,"column":8}}]},"3":{"line":59,"type":"if","locations":[{"start":{"line":59,"column":13},"end":{"line":59,"column":13}},{"start":{"line":59,"column":13},"end":{"line":59,"column":13}}]},"4":{"line":79,"type":"if","locations":[{"start":{"line":79,"column":8},"end":{"line":79,"column":8}},{"start":{"line":79,"column":8},"end":{"line":79,"column":8}}]},"5":{"line":80,"type":"if","locations":[{"start":{"line":80,"column":2},"end":{"line":80,"column":2}},{"start":{"line":80,"column":2},"end":{"line":80,"column":2}}]},"6":{"line":81,"type":"if","locations":[{"start":{"line":81,"column":8},"end":{"line":81,"column":8}},{"start":{"line":81,"column":8},"end":{"line":81,"column":8}}]},"7":{"line":82,"type":"if","locations":[{"start":{"line":82,"column":8},"end":{"line":82,"column":8}},{"start":{"line":82,"column":8},"end":{"line":82,"column":8}}]},"8":{"line":84,"type":"if","locations":[{"start":{"line":84,"column":8},"end":{"line":84,"column":8}},{"start":{"line":84,"column":8},"end":{"line":84,"column":8}}]},"9":{"line":93,"type":"if","locations":[{"start":{"line":93,"column":13},"end":{"line":93,"column":13}},{"start":{"line":93,"column":13},"end":{"line":93,"column":13}}]},"10":{"line":94,"type":"if","locations":[{"start":{"line":94,"column":12},"end":{"line":94,"column":12}},{"start":{"line":94,"column":12},"end":{"line":94,"column":12}}]},"11":{"line":105,"type":"if","locations":[{"start":{"line":105,"column":8},"end":{"line":105,"column":8}},{"start":{"line":105,"column":8},"end":{"line":105,"column":8}}]},"12":{"line":106,"type":"if","locations":[{"start":{"line":106,"column":2},"end":{"line":106,"column":2}},{"start":{"line":106,"column":2},"end":{"line":106,"column":2}}]},"13":{"line":107,"type":"if","locations":[{"start":{"line":107,"column":8},"end":{"line":107,"column":8}},{"start":{"line":107,"column":8},"end":{"line":107,"column":8}}]},"14":{"line":109,"type":"if","locations":[{"start":{"line":109,"column":8},"end":{"line":109,"column":8}},{"start":{"line":109,"column":8},"end":{"line":109,"column":8}}]},"15":{"line":117,"type":"if","locations":[{"start":{"line":117,"column":13},"end":{"line":117,"column":13}},{"start":{"line":117,"column":13},"end":{"line":117,"column":13}}]},"16":{"line":118,"type":"if","locations":[{"start":{"line":118,"column":12},"end":{"line":118,"column":12}},{"start":{"line":118,"column":12},"end":{"line":118,"column":12}}]}}}}